<?xml version="1.0" encoding="UTF-8"?>
<!-- Generated by org.testng.reporters.JUnitReportReporter -->
<testsuite skipped="0" hostname="DESKTOP-GFVQ1N8" name="com.training.sanity.tests.UNF_014_DeleteProductTest" tests="1" failures="0" timestamp="19 Mar 2019 07:44:49 GMT" time="5.560" errors="0">
  <testcase name="DeleteProducts" time="5.560" classname="com.training.sanity.tests.UNF_014_DeleteProductTest"/>
</testsuite> <!-- com.training.sanity.tests.UNF_014_DeleteProductTest -->
