<?xml version="1.0" encoding="UTF-8"?>
<!-- Generated by org.testng.reporters.JUnitReportReporter -->
<testsuite skipped="0" hostname="DESKTOP-GFVQ1N8" name="com.training.sanity.tests.FilterOrdersTest5" tests="1" failures="0" timestamp="11 Mar 2019 10:17:27 GMT" time="4.349" errors="0">
  <testcase name="FilterOrders" time="4.349" classname="com.training.sanity.tests.FilterOrdersTest5"/>
</testsuite> <!-- com.training.sanity.tests.FilterOrdersTest5 -->
