<?xml version="1.0" encoding="UTF-8"?>
<!-- Generated by org.testng.reporters.JUnitReportReporter -->
<testsuite skipped="0" hostname="DESKTOP-GFVQ1N8" name="com.training.sanity.tests.UNF_045_GenerateInvoiceTest" tests="1" failures="0" timestamp="19 Mar 2019 08:38:25 GMT" time="4.069" errors="0">
  <testcase name="GenerateInvoice" time="4.069" classname="com.training.sanity.tests.UNF_045_GenerateInvoiceTest"/>
</testsuite> <!-- com.training.sanity.tests.UNF_045_GenerateInvoiceTest -->
