<?xml version="1.0" encoding="UTF-8"?>
<!-- Generated by org.testng.reporters.JUnitReportReporter -->
<testsuite skipped="0" hostname="DESKTOP-GFVQ1N8" name="com.training.sanity.tests.UNF_013_FilterProductTest" tests="1" failures="0" timestamp="11 Mar 2019 10:33:03 GMT" time="1.823" errors="0">
  <testcase name="FilterProducts" time="1.823" classname="com.training.sanity.tests.UNF_013_FilterProductTest"/>
</testsuite> <!-- com.training.sanity.tests.UNF_013_FilterProductTest -->
