<?xml version="1.0" encoding="UTF-8"?>
<!-- Generated by org.testng.reporters.JUnitReportReporter -->
<testsuite skipped="0" hostname="DESKTOP-GFVQ1N8" name="com.training.sanity.tests.UNF_071_AddMultipleProductWithRewardPointsTest" tests="4" failures="0" timestamp="22 Mar 2019 16:49:21 GMT" time="21.094" errors="0">
  <testcase name="AddProduct" time="5.940" classname="com.training.sanity.tests.UNF_071_AddMultipleProductWithRewardPointsTest"/>
  <testcase name="AddProduct" time="4.788" classname="com.training.sanity.tests.UNF_071_AddMultipleProductWithRewardPointsTest"/>
  <testcase name="AddProduct" time="5.027" classname="com.training.sanity.tests.UNF_071_AddMultipleProductWithRewardPointsTest"/>
  <testcase name="AddProduct" time="5.339" classname="com.training.sanity.tests.UNF_071_AddMultipleProductWithRewardPointsTest"/>
</testsuite> <!-- com.training.sanity.tests.UNF_071_AddMultipleProductWithRewardPointsTest -->
