<?xml version="1.0" encoding="UTF-8"?>
<!-- Generated by org.testng.reporters.JUnitReportReporter -->
<testsuite skipped="0" hostname="DESKTOP-GFVQ1N8" name="com.training.sanity.tests.FilterProductTest3" tests="1" failures="0" timestamp="11 Mar 2019 06:05:36 GMT" time="1.824" errors="0">
  <testcase name="FilterProducts" time="1.824" classname="com.training.sanity.tests.FilterProductTest3"/>
</testsuite> <!-- com.training.sanity.tests.FilterProductTest3 -->
