<?xml version="1.0" encoding="UTF-8"?>
<!-- Generated by org.testng.reporters.JUnitReportReporter -->
<testsuite skipped="0" hostname="DESKTOP-GFVQ1N8" name="com.training.sanity.tests.UNF_072_AddProductWithInvalidDataTest" tests="3" failures="0" timestamp="26 Mar 2019 19:21:52 GMT" time="13.877" errors="0">
  <testcase name="AddProduct" time="4.363" classname="com.training.sanity.tests.UNF_072_AddProductWithInvalidDataTest"/>
  <testcase name="AddProduct" time="5.309" classname="com.training.sanity.tests.UNF_072_AddProductWithInvalidDataTest"/>
  <testcase name="AddProduct" time="4.205" classname="com.training.sanity.tests.UNF_072_AddProductWithInvalidDataTest"/>
</testsuite> <!-- com.training.sanity.tests.UNF_072_AddProductWithInvalidDataTest -->
