<?xml version="1.0" encoding="UTF-8"?>
<!-- Generated by org.testng.reporters.JUnitReportReporter -->
<testsuite skipped="0" hostname="DESKTOP-GFVQ1N8" name="com.training.sanity.tests.DeleteCategoriesTest2" tests="1" failures="0" timestamp="11 Mar 2019 07:53:03 GMT" time="2.087" errors="0">
  <testcase name="DeleteCategories" time="2.087" classname="com.training.sanity.tests.DeleteCategoriesTest2"/>
</testsuite> <!-- com.training.sanity.tests.DeleteCategoriesTest2 -->
