<?xml version="1.0" encoding="UTF-8"?>
<!-- Generated by org.testng.reporters.JUnitReportReporter -->
<testsuite skipped="0" hostname="DESKTOP-GFVQ1N8" name="com.training.sanity.tests.UNF_043_EditProductQuantityTest" tests="1" failures="0" timestamp="15 Mar 2019 17:13:08 GMT" time="3.479" errors="0">
  <testcase name="AddProduct" time="3.479" classname="com.training.sanity.tests.UNF_043_EditProductQuantityTest"/>
</testsuite> <!-- com.training.sanity.tests.UNF_043_EditProductQuantityTest -->
