<?xml version="1.0" encoding="UTF-8"?>
<!-- Generated by org.testng.reporters.JUnitReportReporter -->
<testsuite skipped="0" hostname="DESKTOP-GFVQ1N8" name="com.training.sanity.tests.UNF_075_ReturnOrderTest" tests="2" failures="0" timestamp="26 Mar 2019 19:56:26 GMT" time="14.038" errors="0">
  <testcase name="returnProduct" time="6.396" classname="com.training.sanity.tests.UNF_075_ReturnOrderTest"/>
  <testcase name="returnProduct" time="7.642" classname="com.training.sanity.tests.UNF_075_ReturnOrderTest"/>
</testsuite> <!-- com.training.sanity.tests.UNF_075_ReturnOrderTest -->
