<?xml version="1.0" encoding="UTF-8"?>
<!-- Generated by org.testng.reporters.JUnitReportReporter -->
<testsuite skipped="0" hostname="DESKTOP-GFVQ1N8" name="com.training.sanity.tests.UNF_071_AddMultipleProduct_SuccessmsgTest" tests="4" failures="0" timestamp="01 Apr 2019 04:35:41 GMT" time="26.051" errors="0">
  <testcase name="AddProduct" time="7.763" classname="com.training.sanity.tests.UNF_071_AddMultipleProduct_SuccessmsgTest"/>
  <testcase name="AddProduct" time="6.758" classname="com.training.sanity.tests.UNF_071_AddMultipleProduct_SuccessmsgTest"/>
  <testcase name="AddProduct" time="6.185" classname="com.training.sanity.tests.UNF_071_AddMultipleProduct_SuccessmsgTest"/>
  <testcase name="AddProduct" time="5.345" classname="com.training.sanity.tests.UNF_071_AddMultipleProduct_SuccessmsgTest"/>
</testsuite> <!-- com.training.sanity.tests.UNF_071_AddMultipleProduct_SuccessmsgTest -->
