<?xml version="1.0" encoding="UTF-8"?>
<!-- Generated by org.testng.reporters.JUnitReportReporter -->
<testsuite skipped="0" hostname="DESKTOP-GFVQ1N8" name="com.training.sanity.tests.UNF_041_FilterProductDetailsTest" tests="1" failures="0" timestamp="14 Mar 2019 17:38:27 GMT" time="5.925" errors="0">
  <testcase name="FilterProducts" time="5.925" classname="com.training.sanity.tests.UNF_041_FilterProductDetailsTest"/>
</testsuite> <!-- com.training.sanity.tests.UNF_041_FilterProductDetailsTest -->
