<?xml version="1.0" encoding="UTF-8"?>
<!-- Generated by org.testng.reporters.JUnitReportReporter -->
<testsuite skipped="0" hostname="DESKTOP-GFVQ1N8" name="com.training.regression.tests.LoginDBTest" tests="4" failures="0" timestamp="22 Mar 2019 10:38:33 GMT" time="37.852" errors="0">
  <testcase name="loginDBTest" time="8.458" classname="com.training.regression.tests.LoginDBTest"/>
  <testcase name="loginDBTest" time="10.706" classname="com.training.regression.tests.LoginDBTest"/>
  <testcase name="loginDBTest" time="9.643" classname="com.training.regression.tests.LoginDBTest"/>
  <testcase name="loginDBTest" time="9.045" classname="com.training.regression.tests.LoginDBTest"/>
</testsuite> <!-- com.training.regression.tests.LoginDBTest -->
