<?xml version="1.0" encoding="UTF-8"?>
<!-- Generated by org.testng.reporters.JUnitReportReporter -->
<testsuite skipped="0" hostname="DESKTOP-GFVQ1N8" name="com.training.sanity.tests.UNF_074_PlaceOrderTest" tests="3" failures="0" timestamp="04 Apr 2019 07:54:16 GMT" time="21.997" errors="0">
  <testcase name="PlaceOrder" time="14.376" classname="com.training.sanity.tests.UNF_074_PlaceOrderTest"/>
  <testcase name="ChangeOrderStatus" time="5.874" classname="com.training.sanity.tests.UNF_074_PlaceOrderTest"/>
  <testcase name="ViewOrderHistory" time="1.747" classname="com.training.sanity.tests.UNF_074_PlaceOrderTest"/>
</testsuite> <!-- com.training.sanity.tests.UNF_074_PlaceOrderTest -->
