<?xml version="1.0" encoding="UTF-8"?>
<!-- Generated by org.testng.reporters.JUnitReportReporter -->
<testsuite skipped="0" hostname="DESKTOP-GFVQ1N8" name="com.training.sanity.tests.UNF_072_AddMultipleProductWithRewardPointsTest" tests="3" failures="0" timestamp="22 Mar 2019 17:35:50 GMT" time="14.451" errors="0">
  <testcase name="AddProduct" time="5.206" classname="com.training.sanity.tests.UNF_072_AddMultipleProductWithRewardPointsTest"/>
  <testcase name="AddProduct" time="4.555" classname="com.training.sanity.tests.UNF_072_AddMultipleProductWithRewardPointsTest"/>
  <testcase name="AddProduct" time="4.690" classname="com.training.sanity.tests.UNF_072_AddMultipleProductWithRewardPointsTest"/>
</testsuite> <!-- com.training.sanity.tests.UNF_072_AddMultipleProductWithRewardPointsTest -->
