<?xml version="1.0" encoding="UTF-8"?>
<!-- Generated by org.testng.reporters.JUnitReportReporter -->
<testsuite skipped="0" hostname="DESKTOP-GFVQ1N8" name="com.training.sanity.tests.DeleteProductTest4" tests="1" failures="0" timestamp="11 Mar 2019 07:51:04 GMT" time="2.312" errors="0">
  <testcase name="DeleteProducts" time="2.312" classname="com.training.sanity.tests.DeleteProductTest4"/>
</testsuite> <!-- com.training.sanity.tests.DeleteProductTest4 -->
