<?xml version="1.0" encoding="UTF-8"?>
<!-- Generated by org.testng.reporters.JUnitReportReporter -->
<testsuite skipped="0" hostname="DESKTOP-GFVQ1N8" name="com.training.sanity.tests.UNF_011_CategoriesTest" tests="1" failures="0" timestamp="25 Mar 2019 06:19:44 GMT" time="1.041" errors="0">
  <testcase name="DisplayCategories" time="1.041" classname="com.training.sanity.tests.UNF_011_CategoriesTest"/>
</testsuite> <!-- com.training.sanity.tests.UNF_011_CategoriesTest -->
