<?xml version="1.0" encoding="UTF-8"?>
<!-- Generated by org.testng.reporters.JUnitReportReporter -->
<testsuite skipped="0" hostname="DESKTOP-GFVQ1N8" name="com.training.sanity.tests.CategoriesTest1" tests="1" failures="0" timestamp="08 Mar 2019 07:24:16 GMT" time="0.995" errors="0">
  <testcase name="DisplayCategories" time="0.995" classname="com.training.sanity.tests.CategoriesTest1"/>
</testsuite> <!-- com.training.sanity.tests.CategoriesTest1 -->
