<?xml version="1.0" encoding="UTF-8"?>
<!-- Generated by org.testng.reporters.JUnitReportReporter -->
<testsuite skipped="0" hostname="DESKTOP-GFVQ1N8" name="com.training.sanity.tests.UNF_044_DeleteMultipleProductsTest" tests="1" failures="0" timestamp="19 Mar 2019 07:50:55 GMT" time="8.819" errors="0">
  <testcase name="DeleteProducts" time="8.819" classname="com.training.sanity.tests.UNF_044_DeleteMultipleProductsTest"/>
</testsuite> <!-- com.training.sanity.tests.UNF_044_DeleteMultipleProductsTest -->
