<?xml version="1.0" encoding="UTF-8"?>
<!-- Generated by org.testng.reporters.JUnitReportReporter -->
<testsuite skipped="0" hostname="DESKTOP-GFVQ1N8" name="com.training.sanity.tests.UNF_042_AddProductTest" tests="1" failures="0" timestamp="16 Mar 2019 12:05:58 GMT" time="4.408" errors="0">
  <testcase name="AddProduct" time="4.408" classname="com.training.sanity.tests.UNF_042_AddProductTest"/>
</testsuite> <!-- com.training.sanity.tests.UNF_042_AddProductTest -->
